Network Configuration:
batch_size: 4
hidden_layer_structure: [24]
learning_rate: 0.004155923499457689
keep_prob: 0.8656542586183774
rnn_cell: <class 'model.LayerNormBasicLSTMCell'>
max_grad_norm: 5.0
lambda_w1: 0.03
lambda_w2: 3.0
lambda_o: 0.1
Num of problems: 5002
Num of runs: 1
Max num of epochs: 25
Keep Prob: 0.8656542586183774
Threshold for classification: 0.7
Network Configuration:
batch_size: 4
hidden_layer_structure: [24]
learning_rate: 0.004155923499457689
keep_prob: 0.8656542586183774
rnn_cell: <class 'model.LayerNormBasicLSTMCell'>
max_grad_norm: 5.0
lambda_w1: 0.03
lambda_w2: 3.0
lambda_o: 0.1
Num of problems: 5002
Num of runs: 1
Max num of epochs: 25
Keep Prob: 0.8656542586183774
Threshold for classification: 0.7
Network Configuration:
batch_size: 4
hidden_layer_structure: [24]
learning_rate: 0.004155923499457689
keep_prob: 0.8656542586183774
rnn_cell: <class 'model.LayerNormBasicLSTMCell'>
max_grad_norm: 5.0
lambda_w1: 0.03
lambda_w2: 3.0
lambda_o: 0.1
Num of problems: 5002
Num of runs: 1
Max num of epochs: 25
Keep Prob: 0.8656542586183774
Threshold for classification: 0.7
Network Configuration:
batch_size: 4
hidden_layer_structure: [24]
learning_rate: 0.004155923499457689
keep_prob: 0.8656542586183774
rnn_cell: <class 'model.LayerNormBasicLSTMCell'>
max_grad_norm: 5.0
lambda_w1: 0.03
lambda_w2: 3.0
lambda_o: 0.1
Num of problems: 5002
Num of runs: 1
Max num of epochs: 25
Keep Prob: 0.8656542586183774
Threshold for classification: 0.7
Network Configuration:
batch_size: 4
hidden_layer_structure: [24]
learning_rate: 0.004155923499457689
keep_prob: 0.8656542586183774
rnn_cell: <class 'model.LayerNormBasicLSTMCell'>
max_grad_norm: 5.0
lambda_w1: 0.03
lambda_w2: 3.0
lambda_o: 0.1
Num of problems: 5002
Num of runs: 1
Max num of epochs: 25
Keep Prob: 0.8656542586183774
Threshold for classification: 0.7
Network Configuration:
batch_size: 4
hidden_layer_structure: [24]
learning_rate: 0.004155923499457689
keep_prob: 0.8656542586183774
rnn_cell: <class 'model.LayerNormBasicLSTMCell'>
max_grad_norm: 5.0
lambda_w1: 0.03
lambda_w2: 3.0
lambda_o: 0.1
Num of problems: 5002
Num of runs: 1
Max num of epochs: 25
Keep Prob: 0.8656542586183774
Threshold for classification: 0.7
Network Configuration:
batch_size: 4
hidden_layer_structure: [24]
learning_rate: 0.004155923499457689
keep_prob: 0.8656542586183774
rnn_cell: <class 'model.LayerNormBasicLSTMCell'>
max_grad_norm: 5.0
lambda_w1: 0.03
lambda_w2: 3.0
lambda_o: 0.1
Num of problems: 5002
Num of runs: 1
Max num of epochs: 25
Keep Prob: 0.8656542586183774
Threshold for classification: 0.7
Network Configuration:
batch_size: 4
hidden_layer_structure: [24]
learning_rate: 0.004155923499457689
keep_prob: 0.8656542586183774
rnn_cell: <class 'model.LayerNormBasicLSTMCell'>
max_grad_norm: 5.0
lambda_w1: 0.03
lambda_w2: 3.0
lambda_o: 0.1
Num of problems: 5002
Num of runs: 1
Max num of epochs: 25
Keep Prob: 0.8656542586183774
Threshold for classification: 0.7
Network Configuration:
batch_size: 4
hidden_layer_structure: [24]
learning_rate: 0.004155923499457689
keep_prob: 0.8656542586183774
rnn_cell: <class 'model.LayerNormBasicLSTMCell'>
max_grad_norm: 5.0
lambda_w1: 0.03
lambda_w2: 3.0
lambda_o: 0.1
Num of problems: 5002
Num of runs: 1
Max num of epochs: 25
Keep Prob: 0.8656542586183774
Threshold for classification: 0.7
Network Configuration:
batch_size: 4
hidden_layer_structure: [24]
learning_rate: 0.004155923499457689
keep_prob: 0.8656542586183774
rnn_cell: <class 'model.LayerNormBasicLSTMCell'>
max_grad_norm: 5.0
lambda_w1: 0.03
lambda_w2: 3.0
lambda_o: 0.1
Num of problems: 5002
Num of runs: 1
Max num of epochs: 25
Keep Prob: 0.8656542586183774
Threshold for classification: 0.7
Network Configuration:
batch_size: 4
hidden_layer_structure: [24]
learning_rate: 0.004155923499457689
keep_prob: 0.8656542586183774
rnn_cell: <class 'model.LayerNormBasicLSTMCell'>
max_grad_norm: 5.0
lambda_w1: 0.03
lambda_w2: 3.0
lambda_o: 0.1
Num of problems: 5002
Num of runs: 1
Max num of epochs: 25
Keep Prob: 0.8656542586183774
Threshold for classification: 0.7
Network Configuration:
batch_size: 4
hidden_layer_structure: [24]
learning_rate: 0.004155923499457689
keep_prob: 0.8656542586183774
rnn_cell: <class 'model.LayerNormBasicLSTMCell'>
max_grad_norm: 5.0
lambda_w1: 0.03
lambda_w2: 3.0
lambda_o: 0.1
Num of problems: 5002
Num of runs: 1
Max num of epochs: 25
Keep Prob: 0.8656542586183774
Threshold for classification: 0.7
Current time: 2024-10-16 17:34:16 KST
Epoch    1, Train ACC: 1.00000, AUC: nan, Loss: 0.00331, Precision: 0.00000, Recall: 0.00000, F1: 0.00000
Only one class present in y_true. ROC AUC score is not defined in that case.
Network Configuration:
batch_size: 4
hidden_layer_structure: [24]
learning_rate: 0.004155923499457689
keep_prob: 0.8656542586183774
rnn_cell: <class 'model.LayerNormBasicLSTMCell'>
max_grad_norm: 5.0
lambda_w1: 0.03
lambda_w2: 3.0
lambda_o: 0.1
Num of problems: 5002
Num of runs: 1
Max num of epochs: 25
Keep Prob: 0.8656542586183774
Threshold for classification: 0.7
Network Configuration:
batch_size: 4
hidden_layer_structure: [24]
learning_rate: 0.004155923499457689
keep_prob: 0.8656542586183774
rnn_cell: <class 'model.LayerNormBasicLSTMCell'>
max_grad_norm: 5.0
lambda_w1: 0.03
lambda_w2: 3.0
lambda_o: 0.1
Num of problems: 5002
Num of runs: 1
Max num of epochs: 25
Keep Prob: 0.8656542586183774
Threshold for classification: 0.7
Network Configuration:
batch_size: 4
hidden_layer_structure: [24]
learning_rate: 0.004155923499457689
keep_prob: 0.8656542586183774
rnn_cell: <class 'model.LayerNormBasicLSTMCell'>
max_grad_norm: 5.0
lambda_w1: 0.03
lambda_w2: 3.0
lambda_o: 0.1
Num of problems: 5002
Num of runs: 1
Max num of epochs: 25
Keep Prob: 0.8656542586183774
Threshold for classification: 0.7
Network Configuration:
batch_size: 4
hidden_layer_structure: [24]
learning_rate: 0.004155923499457689
keep_prob: 0.8656542586183774
rnn_cell: <class 'model.LayerNormBasicLSTMCell'>
max_grad_norm: 5.0
lambda_w1: 0.03
lambda_w2: 3.0
lambda_o: 0.1
Num of problems: 5002
Num of runs: 1
Max num of epochs: 25
Keep Prob: 0.8656542586183774
Threshold for classification: 0.7
